[2024-10-30 08:42:52] INFO
Bot: food2mood - \u0435\u0434\u0430 \u043f\u043e\u0434 \u043d\u0430\u0441\u0442\u0440\u043e\u0435\u043d\u0438\u0435 [@food2mood_bot]
[2024-10-30 08:42:52] INFO
Start polling.
[2024-10-30 08:42:54] INFO
\u041f\u043e\u043b\u044c\u0437\u043e\u0432\u0430\u0442\u0435\u043b\u044c 803124861 \u0441\u043e\u0432\u0435\u0440\u0448\u0438\u043b \u0434\u0435\u0439\u0441\u0442\u0432\u0438\u0435: \u041f\u043e\u043b\u044c\u0437\u043e\u0432\u0430\u0442\u0435\u043b\u044c \u043e\u0442\u043f\u0440\u0430\u0432\u0438\u043b \u0441\u043e\u043e\u0431\u0449\u0435\u043d\u0438\u0435: \u041c\u043e\u043b\u043e\u0434\u0451\u0436\u044c:\u041c\u043e\u0441\u043a\u0432\u0430, \u0421\u0443\u0449\u0451\u0432\u0441\u043a\u0430\u044f \u0443\u043b., 21, \u0441\u0442\u0440. 8
[2024-10-30 08:42:54] ERROR
Task exception was never retrieved
future: <Task finished name='Task-13' coro=<Dispatcher._process_polling_updates() done, defined at C:\Users\Administrator\Desktop\food2mood\venv\lib\site-packages\aiogram\dispatcher\dispatcher.py:407> exception=NameError("name 'rest' is not defined")>
Traceback (most recent call last):
  File "C:\Users\Administrator\Desktop\food2mood\main.py", line 475, in bot_message
    if not db.check_rest_exists(rest):
NameError: name 'rest' is not defined

During handling of the above exception, another exception occurred:

Traceback (most recent call last):
  File "C:\Users\Administrator\Desktop\food2mood\venv\lib\site-packages\aiogram\dispatcher\dispatcher.py", line 415, in _process_polling_updates
    for responses in itertools.chain.from_iterable(await self.process_updates(updates, fast)):
  File "C:\Users\Administrator\Desktop\food2mood\venv\lib\site-packages\aiogram\dispatcher\dispatcher.py", line 235, in process_updates
    return await asyncio.gather(*tasks)
  File "C:\Users\Administrator\Desktop\food2mood\venv\lib\site-packages\aiogram\dispatcher\handler.py", line 117, in notify
    response = await handler_obj.handler(*args, **partial_data)
  File "C:\Users\Administrator\Desktop\food2mood\venv\lib\site-packages\aiogram\dispatcher\dispatcher.py", line 256, in process_update
    return await self.message_handlers.notify(update.message)
  File "C:\Users\Administrator\Desktop\food2mood\venv\lib\site-packages\aiogram\dispatcher\handler.py", line 117, in notify
    response = await handler_obj.handler(*args, **partial_data)
  File "C:\Users\Administrator\Desktop\food2mood\main.py", line 481, in bot_message
    db.add_rest(rest)
NameError: name 'rest' is not defined
[2024-10-30 08:44:15] INFO
\u041f\u043e\u043b\u044c\u0437\u043e\u0432\u043
0\u0442\u0435\u043b\u044c 1456241115 \u0441\u043e\u0432\u0435\u0440\u0448\u0438\u043b \u0434\u0435\u0439\u0441\u0442\u0432\u0438\u0435: \u0417\u0430\u043f\u0443\u0441\u043a \u0431\u043e\u0442\u0430
[2024-10-30 08:44:17] INFO
\u041f\u043e\u043b\u044c\u0437\u043e\u0432\u0430\u0442\u0435\u043b\u044c 1456241115 \u0441\u043e\u0432\u0435\u0440\u0448\u0438\u043b \u0434\u0435\u0439\u0441\u0442\u0432\u0438\u0435: \u041f\u043e\u043b\u044c\u0437\u043e\u0432\u0430\u0442\u0435\u043b\u044c \u0437\u0430\u0445\u043e\u0442\u0435\u043b \u043f\u043e\u043b\u0443\u0447\u0438\u0442\u044c \u0440\u0435\u043a\u043e\u043c\u0435\u043d\u0434\u0430\u0446\u0438\u044e
[2024-10-30 08:44:18] INFO
\u041f\u043e\u043b\u044c\u0437\u043e\u0432\u0430\u0442\u0435\u043b\u044c 803124861 \u0441\u043e\u0432\u0435\u0440\u0448\u0438\u043b \u0434\u0435\u0439\u0441\u0442\u0432\u0438\u0435: \u0417\u0430\u043f\u0443\u0441\u043a \u0431\u043e\u0442\u0430
[2024-10-30 08:44:18] INFO
\u041f\u043e\u043b\u044c\u0437\u043e\u0432\u0430\u0442\u0435\u043b\u044c 1456241115 \u0441\u043e\u0432\u0435\u0440\u0448\u0438\u043b \u0434\u0435\u0439\u0441\u0442\u0432\u0438\u0435: \u041f\u043e\u043b\u044c\u0437\u043e\u0432\u0430\u0442\u0435\u043b\u044c \u0432\u044b\u0431\u0440\u0430\u043b \u0441\u0432\u043e\u0435 \u043d\u0430\u0441\u0442\u0440\u043e\u0435\u043d\u0438\u0435
[2024-10-30 08:44:20] INFO
\u041f\u043e\u043b\u044c\u0437\u043e\u0432\u0430\u0442\u0435\u043b\u044c 1456241115 \u0441\u043e\u0432\u0435\u0440\u0448\u0438\u043b \u0434\u0435\u0439\u0441\u0442\u0432\u0438\u0435: \u041f\u043e\u043b\u044c\u0437\u043e\u0432\u0430\u0442\u0435\u043b\u044c \u043f\u043e\u0434\u0442\u0432\u0435\u0440\u0434\u0438\u043b \u0441\u0432\u043e\u044e \u0430\u043d\u043a\u0435\u0442\u0443
[2024-10-30 08:44:20] INFO
\u041f\u043e\u043b\u044c\u0437\u043e\u0432\u0430\u0442\u0435\u043b\u044c 803124861 \u0441\u043e\u0432\u0435\u0440\u0448\u0438\u043b \u0434\u0435\u0439\u0441\u0442\u0432\u0438\u0435: \u041f\u043e\u043b\u044c\u0437\u043e\u0432\u0430\u0442\u0435\u043b\u044c \u0437\u0430\u0445\u043e\u0442\u0435\u043b \u043f\u043e\u043b\u0443\u0447\u0438\u0442\u044c \u0440\u0435\u043a\u043e\u043c\u0435\u043d\u0434\u0430\u0446\u0438\u044e
[2024-10-30 08:44:21] INFO
\u041f\u043e\u043b\u044c\u0437\u043e\u0432\u0430\u0442\u0435\u043b\u044c 803124861 \u0441\u043e\u0432\u0435\u0440\u0448\u0438\u043b \u0434\u0435\u0439\u0441\u0442\u0432\u0438\u0435: \u041f\u043e\u043b\u044c\u0437\u043e\u0432\u0430\u0442\u0435\u043b\u044c \u0432\u044b\u0431\u0440\u0430\u043b \u0441\u0432\u043e\u0435 \u043d\u0430\u0441\u0442\u0440\u043e\u0435\u043d\u0438\u0435
[2024-10-30 08:44:22] INFO
\u041f\u043e\u043b\u044c\u0437\u043e\u0432\u0430\u0442\u0435\u043b\u044c 803124861 \u0441\u043e\u0432\u0435\u0440\u0448\u0438\u043b \u0434\u0435\u0439\u0441\u0442\u0432\u0438\u0435: \u041f\u043e\u043b\u044c\u0437\u043e\u0432\u0430\u0442\u0435\u043b\u044c \u043f\u043e\u0434\u0442\u0432\u0435\u0440\u0434\u0438\u043b \u0441\u0432\u043e\u044e \u0430\u043d\u043a\u0435\u0442\u0443
[2024-10-30 08:44:24] INFO
\u041f\u043e\u043b\u044c\u0437\u043e\u0432\u0430\u0442\u0435\u043b\u044c 803124861 \u0441\u043e\u0432\u0435\u0440\u0448\u0438\u043b \u0434\u0435\u0439\u0441\u0442\u0432\u0438\u0435: \u041f\u043e\u043b\u044c\u0437\u043e\u0432\u0430\u0442\u0435\u043b\u044c \u043f\u0435\u0440\u0435\u0448\u0435\u043b \u043a \u043c\u0435\u043d\u044e \u043f\u043e \u043a\u0430\u0442\u0435\u0433\u043e\u0440\u0438\u044f\u043c
[2024-10-30 08:44:25] INFO
\u041f\u043e\u043b\u044c\u0437\u043e\u0432\u0430\u0442\u0435\u043b\u044c 803124861 \u0441\u043e\u0432\u0435\u0440\u0448\u0438\u043b \u0434\u0435\u0439\u0441\u0442\u0432\u0438\u0435: \u041f\u043e\u043b\u044c\u0437\u043e\u0432\u0430\u0442\u0435\u043b\u044c \u043f\u0435\u0440\u0435\u0448\u0435\u043b \u0432 \u043a\u0430\u0442\u0435\u0433\u043e\u0440\u0438\u044e \u0414\u0430\u0440\u044b \u043c\u043e\u0440\u044f
[2024-10-30 08:44:27] INFO
\u041f\u043e\u043b\u044c\u0437\u043e\u0432\u0430\u0442\u0435\u043b\u044c 803124861 \u0441\u043e\u0432\u0435\u0440\u0448\u0438\u043b \u0434\u0435\u0439\u0441\u0442\u0432\u0438\u0435: \u041f\u043e\u043b\u044c\u0437\u043e\u0432\u0430\u0442\u0435\u043b\u044c \u043f\u0435\u0440\u0435\u0448\u0435\u043b \u043a \u043c\u0435\u043d\u044e \u043f\u043e \u043a\u0430\u0442\u0435\u0433\u043e\u0440\u0438\u044f\u043c
[2024-10-30 08:44:28] INFO
\u041f\u043e\u043b\u044c\u0437\u043e\u0432\u0430\u0442\u0435\u043b\u044c 803124861 \u0441\u043e\u0432\u0435\u0440\u0448\u0438\u043b \u0434\u0435\u0439\u0441\u0442\u0432\u0438\u0435: \u041f\u043e\u043b\u044c\u0437\u043e\u0432\u0430\u0442\u0435\u043b\u044c \u043f\u0435\u0440\u0435\u0448\u0435\u043b \u0432 \u043a\u0430\u0442\u0435\u0433\u043e\u0440\u0438\u044e \u0414\u0430\u0440\u044b \u043c\u043e\u0440\u044f
[2024-10-30 08:44:30] INFO
\u041f\u043e\u043b\u044c\u0437\u043e\u0432\u0430\u0442\u0435\u043b\u044c 803124861 \u0441\u043e\u0432\u0435\u0440\u0448\u0438\u043b \u0434\u0435\u0439\u0441\u0442\u0432\u0438\u0435: \u041f\u043e\u043b\u044c\u0437\u043e\u0432\u0430\u0442\u0435\u043b\u044c \u043f\u0435\u0440\u0435\u0448\u0435\u043b \u043a \u043c\u0435\u043d\u044e \u043f\u043e \u043a\u0430\u0442\u0435\u0433\u043e\u0440\u0438\u044f\u043c
[2024-10-30 08:44:31] INFO
\u041f\u043e\u043b\u044c\u0437\u043e\u0432\u0430\u0442\u0435\u043b\u044c 1456241115 \u0441\u043e\u0432\u0435\u0440\u0448\u0438\u043b \u0434\u0435\u0439\u0441\u0442\u0432\u0438\u0435: \u0417\u0430\u043f\u0443\u0441\u043a \u0431\u043e\u0442\u0430
[2024-10-30 08:44:31] INFO
\u041f\u043e\u043b\u044c\u0437\u043e\u0432\u0430\u0442\u0435\u043b\u044c 803124861 \u0441\u043e\u0432\u0435\u0440\u0448\u0438\u043b \u0434\u0435\u0439\u0441\u0442\u0432\u0438\u0435: \u041f\u043e\u043b\u044c\u0437\u043e\u0432\u0430\u0442\u0435\u043b\u044c \u043f\u0435\u0440\u0435\u0448\u0435\u043b \u0432 \u043a\u0430\u0442\u0435\u0433\u043e\u0440\u0438\u044e \u0417\u0430\u043a\u0443\u0441\u043a\u0438
[2024-10-30 08:44:33] INFO
\u041f\u043e\u043b\u044c\u0437\u043e\u0432\u0430\u0442\u0435\u043b\u044c 803124861 \u0441\u043e\u0432\u0435\u0440\u0448\u0438\u043b \u0434\u0435\u0439\u0441\u0442\u0432\u0438\u0435: \u041f\u043e\u043b\u044c\u0437\u043e\u0432\u0430\u0442\u0435\u043b\u044c \u043f\u0435\u0440\u0435\u0448\u0435\u043b \u043a \u043c\u0435\u043d\u044e \u043f\u043e \u043a\u0430\u0442\u0435\u0433\u043e\u0440\u0438\u044f\u043c
[2024-10-30 08:44:34] INFO
\u041f\u043e\u043b\u044c\u0437\u043e\u0432\u0430\u0442\u0435\u043b\u044c 803124861 \u0441\u043e\u0432\u0435\u0440\u0448\u0438\u043b \u0434\u0435\u0439\u0441\u0442\u0432\u0438\u0435: \u041f\u043e\u043b\u044c\u0437\u043e\u0432\u0430\u0442\u0435\u043b\u044c \u043f\u0435\u0440\u0435\u0448\u0435\u043b \u0432 \u043a\u0430\u0442\u0435\u0433\u043e\u0440\u0438\u044e \u0413\u043e\u0440\u044f\u0447\u0438\u0435 \u0431\u043b\u044e\u0434\u0430
[2024-10-30 08:44:36] INFO
\u041f\u043e\u043b\u044c\u0437\u043e\u0432\u0430\u0442\u0435\u043b\u044c 803124861 \u0441\u043e\u0432\u0435\u0440\u0448\u0438\u043b \u0434\u0435\u0439\u0441\u0442\u0432\u0438\u0435: \u041f\u043e\u043b\u044c\u0437\u043e\u0432\u0430\u0442\u0435\u043b\u044c \u043f\u0435\u0440\u0435\u0448\u0435\u043b \u043a \u043c\u0435\u043d\u044e \u043f\u043e \u043a\u0430\u0442\u0435\u0433\u043e\u0440\u0438\u044f\u043c
[2024-10-30 08:44:38] INFO
\u041f\u043e\u043b\u044c\u0437\u043e\u0432\u0430\u0442\u0435\u043b\u044c 803124861 \u0441\u043e\u0432\u0435\u0440\u0448\u0438\u043b \u0434\u0435\u0439\u0441\u0442\u0432\u0438\u0435: \u041f\u043e\u043b\u044c\u0437\u043e\u0432\u0430\u0442\u0435\u043b\u044c \u043f\u0435\u0440\u0435\u0448\u0435\u043b \u0432 \u043a\u0430\u0442\u0435\u0433\u043e\u0440\u0438\u044e \u041f\u043e\u043a\u0435
[2024-10-30 08:44:40] INFO
\u041f\u043e\u043b\u044c\u0437\u043e\u0432\u0430\u0442\u0435\u043b\u044c 803124861 \u0441\u043e\u0432\u0435\u0440\u0448\u0438\u043b \u0434\u0435\u0439\u0441\u0442\u0432\u0438\u0435: \u041f\u043e\u043b\u044c\u0437\u043e\u0432\u0430\u0442\u0435\u043b\u044c \u043f\u0435\u0440\u0435\u0448\u0435\u043b \u043a \u043c\u0435\u043d\u044e \u043f\u043e \u043a\u0430\u0442\u0435\u0433\u043e\u0440\u0438\u044f\u043c
[2024-10-30 08:44:58] INFO
\u041f\u043e\u043b\u044c\u0437\u043e\u0432\u0430\u0442\u0435\u043b\u044c 1456241115 \u0441\u043e\u0432\u0435\u0440\u0448\u0438\u043b \u0434\u0435\u0439\u0441\u0442\u0432\u0438\u0435: \u041f\u043e\u043b\u044c\u0437\u043e\u0432\u0430\u0442\u0435\u043b\u044c \u0437\u0430\u0445\u043e\u0442\u0435\u043b \u043f\u043e\u043b\u0443\u0447\u0438\u0442\u044c \u0440\u0435\u043a\u043e\u043c\u0435\u043d\u0434\u0430\u0446\u0438\u044e
[2024-10-30 08:45:00] INFO
\u041f\u043e\u043b\u044c\u0437\u043e\u0432\u0430\u0442\u0435\u043b\u044c 1456241115 \u0441\u043e\u0432\u0435\u0440\u0448\u0438\u043b \u0434\u0435\u0439\u0441\u0442\u0432\u0438\u0435: \u041f\u043e\u043b\u044c\u0437\u043e\u0432\u0430\u0442\u0435\u043b\u044c \u0432\u0435\u0440\u043d\u0443\u043b\u0441\u044f \u0432 \u0433\u043b\u0430\u0432\u043d\u043e\u0435 \u043c\u0435\u043d\u044e
[2024-10-30 08:45:15] INFO
\u041f\u043e\u043b\u044c\u0437\u043e\u0432\u0430\u0442\u0435\u043b\u044c 808184720 \u0441\u043e\u0432\u0435\u0440\u0448\u0438\u043b \u0434\u0435\u0439\u0441\u0442\u0432\u0438\u0435: \u0417\u0430\u043f\u0443\u0441\u043a \u0431\u043e\u0442\u0430
[2024-10-30 08:45:16] INFO
\u041f\u043e\u043b\u044c\u0437\u043e\u0432\u0430\u0442\u0435\u043b\u044c 808184720 \u0441\u043e\u0432\u0435\u0440\u0448\u0438\u043b \u0434\u0435\u0439\u0441\u0442\u0432\u0438\u0435: \u041f\u043e\u043b\u044c\u0437\u043e\u0432\u0430\u0442\u0435\u043b\u044c \u0437\u0430\u0445\u043e\u0442\u0435\u043b \u043f\u043e\u043b\u0443\u0447\u0438\u0442\u044c \u0440\u0435\u043a\u043e\u043c\u0435\u043d\u0434\u0430\u0446\u0438\u044e
[2024-10-30 08:45:17] INFO
\u041f\u043e\u043b\u044c\u0437\u043e\u0432\u0430\u0442\u0435\u043b\u044c 808184720 \u0441\u043e\u0432\u0435\u0440\u0448\u0438\u043b \u0434\u0435\u0439\u0441\u0442\u0432\u0438\u0435: \u041f\u043e\u043b\u044c\u0437\u043e\u0432\u0430\u0442\u0435\u043b\u044c \u0432\u044b\u0431\u0440\u0430\u043b \u0441\u0432\u043e\u0435 \u043d\u0430\u0441\u0442\u0440\u043e\u0435\u043d\u0438\u0435
[2024-10-30 08:45:18] INFO
\u041f\u043e\u043b\u044c\u0437\u043e\u0432\u0430\u0442\u0435\u043b\u044c 808184720 \u0441\u043e\u0432\u0435\u0440\u0448\u0438\u043b \u0434\u0435\u0439\u0441\u0442\u0432\u0438\u0435: \u041f\u043e\u043b\u044c\u0437\u043e\u0432\u0430\u0442\u0435\u043b\u044c \u043f\u043e\u0434\u0442\u0432\u0435\u0440\u0434\u0438\u043b \u0441\u0432\u043e\u044e \u0430\u043d\u043a\u0435\u0442\u0443
[2024-10-30 08:45:22] INFO
\u041f\u043e\u043b\u044c\u0437\u043e\u0432\u0430\u0442\u0435\u043b\u044c 808184720 \u0441\u043e\u0432\u0435\u0440\u0448\u0438\u043b \u0434\u0435\u0439\u0441\u0442\u0432\u0438\u0435: \u041f\u043e\u043b\u044c\u0437\u043e\u0432\u0430\u0442\u0435\u043b\u044c \u043e\u0442\u043f\u0440\u0430\u0432\u0438\u043b \u0441\u043e\u043e\u0431\u0449\u0435\u043d\u0438\u0435: \u041c\u043e\u043b\u043e\u0434\u0451\u0436\u044c:\u041c\u043e\u0441\u043a\u0432\u0430, \u0421\u0443\u0449\u0451\u0432\u0441\u043a\u0430\u044f \u0443\u043b., 21, \u0441\u0442\u0440. 8
[2024-10-30 08:45:22] ERROR
Task exception was never retrieved
future: <Task finished name='Task-142' coro=<Dispatcher._process_polling_updates() done, defined at C:\Users\Administrator\Desktop\food2mood\venv\lib\site-packages\aiogram\dispatcher\dispatcher.py:407> exception=NameError("name 'rest' is not defined")>
Traceback (most recent call last):
  File "C:\Users\Administrator\Desktop\food2mood\main.py", line 475, in bot_message
    if not db.check_rest_exists(rest):
NameError: name 'rest' is not defined

During handling of the above exception, another exception occurred:

Traceback (most recent call last):
  File "C:\Users\Administrator\Desktop\food2mood\venv\lib\site-packages\aiogram\dispatcher\dispatcher.py", line 415, in _process_polling_updates
    for responses in itertools.chain.from_iterable(await self.process_updates(updates, fast)):
  File "C:\Users\Administrator\Desktop\food2mood\venv\lib\site-packages\aiogram\dispatcher\dispatcher.py", line 235, in process_updates
    return await asyncio.gather(*tasks)
  File "C:\Users\Administrator\Desktop\food2mood\venv\lib\site-packages\aiogram\dispatcher\handler.py", line 117, in notify
    response = await handler_obj.handler(*args, **partial_data)
  File "C:\Users\Administrator\Desktop\food2mood\venv\lib\site-packages\aiogram\dispatcher\dispatcher.py", line 256, in process_update
    return await self.message_handlers.notify(update.message)
  File "C:\Users\Administrator\Desktop\food2mood\venv\lib\site-packages\aiogram\dispatcher\handler.py", line 117, in notify
    response = await handler_obj.handler(*args, **partial_data)
  File "C:\Users\Administrator\Desktop\food2mood\main.py", line 481, in bot_message
    db.add_rest(rest)
NameError: name 'rest' is not defined
[2024-10-30 08:45:35] INFO
\u041f\u043e\u043b\u044c\u0437\u043e\u0432\u0430\u0442\u0435\u043b\u044c 803124861 \u0441\u043e\u0432\u0435\u0440\u0448\u0438\u043b \u0434\u0435\u0439\u0441\u0442\u0432\u0438\u0435: \u041f\u043e\u043b\u044c\u0437\u043e\u0432\u0430\u0442\u0435\u043b\u044c \u0432\u0435\u0440\u043d\u0443\u043b\u0441\u044f \u0432 \u0433\u043b\u0430\u0432\u043d\u043e\u0435 \u043c\u0435\u043d\u044e
[2024-10-30 08:45:36] INFO
\u041f\u043e\u043b\u044c\u0437\u043e\u0432\u0430\u0442\u0435\u043b\u044c 808184720 \u0441\u043e\u0432\u0435\u0440\u0448\u0438\u043b \u0434\u0435\u0439\u0441\u0442\u0432\u0438\u0435: \u041f\u043e\u043b\u044c\u0437\u043e\u0432\u0430\u0442\u0435\u043b\u044c \u043e\u0442\u043f\u0440\u0430\u0432\u0438\u043b \u0441\u043e\u043e\u0431\u0449\u0435\u043d\u0438\u0435: \u0411\u043b\u0430\u043d \u0434\u0435 \u0411\u043b\u0430\u043d:\u041c\u043e\u0441\u043a\u0432\u0430, \u0443\u043b. \u041b\u044e\u0441\u0438\u043d\u043e\u0432\u0441\u043a\u0430\u044f, 36/50
[2024-10-30 08:45:36] ERROR
Task exception was never retrieved
future: <Task finished name='Task-155' coro=<Dispatcher._process_polling_updates() done, defined at C:\Users\Administrator\Desktop\food2mood\venv\lib\site-packages\aiogram\dispatcher\dispatcher.py:407> exception=NameError("name 'rest' is not defined")>
Traceback (most recent call last):
  File "C:\Users\Administrator\Desktop\food2mood\main.py", line 475, in bot_message
    if not db.check_rest_exists(rest):
NameError: name 'rest' is not defined

During handling of the above exception, another exception occurred:

Traceback (most recent call last):
  File "C:\Users\Administrator\Desktop\food2mood\venv\lib\site-packages\aiogram\dispatcher\dispatcher.py", line 415, in _process_polling_updates
    for responses in itertools.chain.from_iterable(await self.process_updates(updates, fast)):
  File "C:\Users\Administrator\Desktop\food2mood\venv\lib\site-packages\aiogram\dispatcher\dispatcher.py", line 235, in process_updates
    return await asyncio.gather(*tasks)
  File "C:\Users\Administrator\Desktop\food2mood\venv\lib\site-packages\aiogram\dispatcher\handler.py", line 117, in notify
    response = await handler_obj.handler(*args, **partial_data)
  File "C:\Users\Administrator\Desktop\food2mood\venv\lib\site-packages\aiogram\dispatcher\dispatcher.py", line 256, in process_update
    return await self.message_handlers.notify(update.message)
  File "C:\Users\Administrator\Desktop\food2mood\venv\lib\site-packages\aiogram\dispatcher\handler.py", line 117, in notify
    response = await handler_obj.handler(*args, **partial_data)
  File "C:\Users\Administrator\Desktop\food2mood\main.py", line 481, in bot_message
    db.add_rest(rest)
NameError: name 'rest' is not defined
[2024-10-30 08:45:39] INFO
\u041f\u043e\u043b\u044c\u0437\u043e\u0432\u0430\u0442\u0435\u043b\u044c 803124861 \u0441\u043e\u0432\u0435\u0440\u0448\u0438\u043b \u0434\u0435\u0439\u0441\u0442\u0432\u0438\u0435: \u041f\u043e\u043b\u044c\u0437\u043e\u0432\u0430\u0442\u0435\u043b\u044c \u0437\u0430\u0445\u043e\u0442\u0435\u043b \u043f\u043e\u043b\u0443\u0447\u0438\u0442\u044c \u0440\u0435\u043a\u043e\u043c\u0435\u043d\u0434\u0430\u0446\u0438\u044e
[2024-10-30 08:45:40] INFO
\u041f\u043e\u043b\u044c\u0437\u043e\u0432\u0430\u0442\u0435\u043b\u044c 803124861 \u0441\u043e\u0432\u0435\u0440\u0448\u0438\u043b \u0434\u0435\u0439\u0441\u0442\u0432\u0438\u0435: \u041f\u043e\u043b\u044c\u0437\u043e\u0432\u0430\u0442\u0435\u043b\u044c \u0432\u044b\u0431\u0440\u0430\u043b \u0441\u0432\u043e\u0435 \u043d\u0430\u0441\u0442\u0440\u043e\u0435\u043d\u0438\u0435
[2024-10-30 08:45:41] INFO
\u041f\u043e\u043b\u044c\u0437\u043e\u0432\u0430\u0442\u0435\u043b\u044c 803124861 \u0441\u043e\u0432\u0435\u0440\u0448\u0438\u043b \u0434\u0435\u0439\u0441\u0442\u0432\u0438\u0435: \u041f\u043e\u043b\u044c\u0437\u043e\u0432\u0430\u0442\u0435\u043b\u044c \u043f\u043e\u0434\u0442\u0432\u0435\u0440\u0434\u0438\u043b \u0441\u0432\u043e\u044e \u0430\u043d\u043a\u0435\u0442\u0443
[2024-10-30 08:45:43] INFO
\u041f\u043e\u043b\u044c\u0437\u043e\u0432\u0430\u0442\u0435\u043b\u044c 803124861 \u0441\u043e\u0432\u0435\u0440\u0448\u0438\u043b \u0434\u0435\u0439\u0441\u0442\u0432\u0438\u0435: \u041f\u043e\u043b\u044c\u0437\u043e\u0432\u0430\u0442\u0435\u043b\u044c \u043f\u0435\u0440\u0435\u0448\u0435\u043b \u043a \u043c\u0435\u043d\u044e \u043f\u043e \u043a\u0430\u0442\u0435\u0433\u043e\u0440\u0438\u044f\u043c
[2024-10-30 08:45:44] INFO
\u041f\u043e\u043b\u044c\u0437\u043e\u0432\u0430\u0442\u0435\u043b\u044c 803124861 \u0441\u043e\u0432\u0435\u0440\u0448\u0438\u043b \u0434\u0435\u0439\u0441\u0442\u0432\u0438\u0435: \u041f\u043e\u043b\u044c\u0437\u043e\u0432\u0430\u0442\u0435\u043b\u044c \u0432\u0435\u0440\u043d\u0443\u043b\u0441\u044f \u0432 \u0433\u043b\u0430\u0432\u043d\u043e\u0435 \u043c\u0435\u043d\u044e
[2024-10-30 08:46:40] INFO
\u041f\u043e\u043b\u044c\u0437\u043e\u0432\u0430\u0442\u0435\u043b\u044c 803124861 \u0441\u043e\u0432\u0435\u0440\u0448\u0438\u043b \u0434\u0435\u0439\u0441\u0442\u0432\u0438\u0435: \u041f\u043e\u043b\u044c\u0437\u043e\u0432\u0430\u0442\u0435\u043b\u044c \u043f\u0440\u043e\u0448\u0435\u043b \u0442\u0435\u0441\u0442 \u043d\u0430 \u0432\u044b\u044f\u0432\u043b\u0435\u043d\u0438\u0435 \u0432\u043a\u0443\u0441\u043e\u0432\u044b\u0445 \u043f\u0440\u0435\u0434\u043f\u043e\u0447\u0442\u0435\u043d\u0438\u0439
[2024-10-30 08:47:57] INFO
\u041f\u043e\u043b\u044c\u0437\u043e\u0432\u0430\u0442\u0435\u043b\u044c 803124861 \u0441\u043e\u0432\u0435\u0440\u0448\u0438\u043b \u0434\u0435\u0439\u0441\u0442\u0432\u0438\u0435: \u0417\u0430\u043f\u0443\u0441\u043a \u0431\u043e\u0442\u0430
[2024-10-30 08:50:22] INFO
\u041f\u043e\u043b\u044c\u0437\u043e\u0432\u0430\u0442\u0435\u043b\u044c 803124861 \u0441\u043e\u0432\u0435\u0440\u0448\u0438\u043b \u0434\u0435\u0439\u0441\u0442\u0432\u0438\u0435: \u041f\u043e\u043b\u044c\u0437\u043e\u0432\u0430\u0442\u0435\u043b\u044c \u0437\u0430\u0445\u043e\u0442\u0435\u043b \u043f\u043e\u043b\u0443\u0447\u0438\u0442\u044c \u0440\u0435\u043a\u043e\u043c\u0435\u043d\u0434\u0430\u0446\u0438\u044e
[2024-10-30 08:50:22] INFO
\u041f\u043e\u043b\u044c\u0437\u043e\u0432\u0430\u0442\u0435\u043b\u044c 803124861 \u0441\u043e\u0432\u0435\u0440\u0448\u0438\u043b \u0434\u0435\u0439\u0441\u0442\u0432\u0438\u0435: \u041f\u043e\u043b\u044c\u0437\u043e\u0432\u0430\u0442\u0435\u043b\u044c \u0432\u044b\u0431\u0440\u0430\u043b \u0441\u0432\u043e\u0435 \u043d\u0430\u0441\u0442\u0440\u043e\u0435\u043d\u0438\u0435
[2024-10-30 08:50:25] INFO
\u041f\u043e\u043b\u044c\u0437\u043e\u0432\u0430\u0442\u0435\u043b\u044c 803124861 \u0441\u043e\u0432\u0435\u0440\u0448\u0438\u043b \u0434\u0435\u0439\u0441\u0442\u0432\u0438\u0435: \u041f\u043e\u043b\u044c\u0437\u043e\u0432\u0430\u0442\u0435\u043b\u044c \u043f\u043e\u0434\u0442\u0432\u0435\u0440\u0434\u0438\u043b \u0441\u0432\u043e\u044e \u0430\u043d\u043a\u0435\u0442\u0443
[2024-10-30 08:50:28] INFO
\u041f\u043e\u043b\u044c\u0437\u043e\u0432\u0430\u0442\u0435\u043b\u044c 803124861 \u0441\u043e\u0432\u0435\u0440\u0448\u0438\u043b \u0434\u0435\u0439\u0441\u0442\u0432\u0438\u0435: \u041f\u043e\u043b\u044c\u0437\u043e\u0432\u0430\u0442\u0435\u043b\u044c \u043e\u0442\u043f\u0440\u0430\u0432\u0438\u043b \u0441\u043e\u043e\u0431\u0449\u0435\u043d\u0438\u0435: \u041c\u043e\u043b\u043e\u0434\u0451\u0436\u044c:\u041c\u043e\u0441\u043a\u0432\u0430, \u0421\u0443\u0449\u0451\u0432\u0441\u043a\u0430\u044f \u0443\u043b., 21, \u0441\u0442\u0440. 8
[2024-10-30 08:50:28] ERROR
Task exception was never retrieved
future: <Task finished name='Task-225' coro=<Dispatcher._process_polling_updates() done, defined at C:\Users\Administrator\Desktop\food2mood\venv\lib\site-packages\aiogram\dispatcher\dispatcher.py:407> exception=NameError("name 'rest' is not defined")>
Traceback (most recent call last):
  File "C:\Users\Administrator\Desktop\food2mood\main.py", line 475, in bot_message
    if not db.check_rest_exists(rest):
NameError: name 'rest' is not defined

During handling of the above exception, another exception occurred:

Traceback (most recent call last):
  File "C:\Users\Administrator\Desktop\food2mood\venv\lib\site-packages\aiogram\dispatcher\dispatcher.py", line 415, in _process_polling_updates
    for responses in itertools.chain.from_iterable(await self.process_updates(updates, fast)):
  File "C:\Users\Administrator\Desktop\food2mood\venv\lib\site-packages\aiogram\dispatcher\dispatcher.py", line 235, in process_updates
    return await asyncio.gather(*tasks)
  File "C:\Users\Administrator\Desktop\food2mood\venv\lib\site-packages\aiogram\dispatcher\handler.py", line 117, in notify
    response = await handler_obj.handler(*args, **partial_data)
  File "C:\Users\Administrator\Desktop\food2mood\venv\lib\site-packages\aiogram\dispatcher\dispatcher.py", line 256, in process_update
    return await self.message_handlers.notify(update.message)
  File "C:\Users\Administrator\Desktop\food2mood\venv\lib\site-packages\aiogram\dispatcher\handler.py", line 117, in notify
    response = await handler_obj.handler(*args, **partial_data)
  File "C:\Users\Administrator\Desktop\food2mood\main.py", line 481, in bot_message
    db.add_rest(rest)
NameError: name 'rest' is not defined
[2024-10-30 08:50:31] INFO
\u041f\u043e\u043b\u044c\u0437\u043e\u0432\u0430\u0442\u0435\u043b\u044c 803124861 \u0441\u043e\u0432\u0435\u0440\u0448\u0438\u043b \u0434\u0435\u0439\u0441\u0442\u0432\u0438\u0435: \u041f\u043e\u043b\u044c\u0437\u043e\u0432\u0430\u0442\u0435\u043b\u044c \u043e\u0442\u043f\u0440\u0430\u0432\u0438\u043b \u0441\u043e\u043e\u0431\u0449\u0435\u043d\u0438\u0435: \u0411\u043b\u0430\u043d \u0434\u0435 \u0411\u043b\u0430\u043d:\u041c\u043e\u0441\u043a\u0432\u0430, \u0443\u043b. \u041b\u044e\u0441\u0438\u043d\u043e\u0432\u0441\u043a\u0430\u044f, 36/50
[2024-10-30 08:50:31] ERROR
Task exception was never retrieved
future: <Task finished name='Task-232' coro=<Dispatcher._process_polling_updates() done, defined at C:\Users\Administrator\Desktop\food2mood\venv\lib\site-packages\aiogram\dispatcher\dispatcher.py:407> exception=NameError("name 'rest' is not defined")>
Traceback (most recent call last):
  File "C:\Users\Administrator\Desktop\food2mood\main.py", line 475, in bot_message
    if not db.check_rest_exists(rest):
NameError: name 'rest' is not defined

During handling of the above exception, another exception occurred:

Traceback (most recent call last):
  File "C:\Users\Administrator\Desktop\food2mood\venv\lib\site-packages\aiogram\dispatcher\dispatcher.py", line 415, in _process_polling_updates
    for responses in itertools.chain.from_iterable(await self.process_updates(updates, fast)):
  File "C:\Users\Administrator\Desktop\food2mood\venv\lib\site-packages\aiogram\dispatcher\dispatcher.py", line 235, in process_updates
    return await asyncio.gather(*tasks)
  File "C:\Users\Administrator\Desktop\food2mood\venv\lib\site-packages\aiogram\dispatcher\handler.py", line 117, in notify
    response = await handler_obj.handler(*args, **partial_data)
  File "C:\Users\Administrator\Desktop\food2mood\venv\lib\site-packages\aiogram\dispatcher\dispatcher.py", line 256, in process_update
    return await self.message_handlers.notify(update.message)
  File "C:\Users\Administrator\Desktop\food2mood\venv\lib\site-packages\aiogram\dispatcher\handler.py", line 117, in notify
    response = await handler_obj.handler(*args, **partial_data)
  File "C:\Users\Administrator\Desktop\food2mood\main.py", line 481, in bot_message
    db.add_rest(rest)
NameError: name 'rest' is not defined
[2024-10-30 08:50:34] INFO
\u041f\u043e\u043b\u044c\u0437\u043e\u0432\u0430\u0442\u0435\u043b\u044c 803124861 \u0441\u043e\u0432\u0435\u0440\u0448\u0438\u043b \u0434\u0435\u0439\u0441\u0442\u0432\u0438\u0435: \u041f\u043e\u043b\u044c\u0437\u043e\u0432\u0430\u0442\u0435\u043b\u044c \u043e\u0442\u043f\u0440\u0430\u0432\u0438\u043b \u0441\u043e\u043e\u0431\u0449\u0435\u043d\u0438\u0435: \u041c\u043e\u043b\u043e\u0434\u0451\u0436\u044c:\u041c\u043e\u0441\u043a\u0432\u0430, \u0421\u0443\u0449\u0451\u0432\u0441\u043a\u0430\u044f \u0443\u043b., 21, \u0441\u0442\u0440. 8
[2024-10-30 08:50:34] ERROR
Task exception was never retrieved
future: <Task finished name='Task-239' coro=<Dispatcher._process_polling_updates() done, defined at C:\Users\Administrator\Desktop\food2mood\venv\lib\site-packages\aiogram\dispatcher\dispatcher.py:407> exception=NameError("name 'rest' is not defined")>
Traceback (most recent call last):
  File "C:\Users\Administrator\Desktop\food2mood\main.py", line 475, in bot_message
    if not db.check_rest_exists(rest):
NameError: name 'rest' is not defined

During handling of the above exception, another exception occurred:

Traceback (most recent call last):
  File "C:\Users\Administrator\Desktop\food2mood\venv\lib\site-packages\aiogram\dispatcher\dispatcher.py", line 415, in _process_polling_updates
    for responses in itertools.chain.from_iterable(await self.process_updates(updates, fast)):
  File "C:\Users\Administrator\Desktop\food2mood\venv\lib\site-packages\aiogram\dispatcher\dispatcher.py", line 235, in process_updates
    return await asyncio.gather(*tasks)
  File "C:\Users\Administrator\Desktop\food2mood\venv\lib\site-packages\aiogram\dispatcher\handler.py", line 117, in notify
    response = await handler_obj.handler(*args, **partial_data)
  File "C:\Users\Administrator\Desktop\food2mood\venv\lib\site-packages\aiogram\dispatcher\dispatcher.py", line 256, in process_update
    return await self.message_handlers.notify(update.message)
  File "C:\Users\Administrator\Desktop\food2mood\venv\lib\site-packages\aiogram\dispatcher\handler.py", line 117, in notify
    response = await handler_obj.handler(*args, **partial_data)
  File "C:\Users\Administrator\Desktop\food2mood\main.py", line 481, in bot_message
    db.add_rest(rest)
NameError: name 'rest' is not defined
[2024-10-30 09:33:15] INFO
\u041f\u043e\u043b\u044c\u0437\u043e\u0432\u0430\u0442\u0435\u043b\u044c 1456241115 \u0441\u043e\u0432\u0435\u0440\u0448\u0438\u043b \u0434\u0435\u0439\u0441\u0442\u0432\u0438\u0435: \u041f\u043e\u043b\u044c\u0437\u043e\u0432\u0430\u0442\u0435\u043b\u044c \u0437\u0430\u0445\u043e\u0442\u0435\u043b \u043f\u043e\u043b\u0443\u0447\u0438\u0442\u044c \u0440\u0435\u043a\u043e\u043c\u0435\u043d\u0434\u0430\u0446\u0438\u044e
[2024-10-30 09:33:17] INFO
\u041f\u043e\u043b\u044c\u0437\u043e\u0432\u0430\u0442\u0435\u043b\u044c 1456241115 \u0441\u043e\u0432\u0435\u0440\u0448\u0438\u043b \u0434\u0435\u0439\u0441\u0442\u0432\u0438\u0435: \u041f\u043e\u043b\u044c\u0437\u043e\u0432\u0430\u0442\u0435\u043b\u044c \u0432\u044b\u0431\u0440\u0430\u043b \u0441\u0432\u043e\u0435 \u043d\u0430\u0441\u0442\u0440\u043e\u0435\u043d\u0438\u0435
[2024-10-30 09:33:18] INFO
\u041f\u043e\u043b\u044c\u0437\u043e\u0432\u0430\u0442\u0435\u043b\u044c 1456241115 \u0441\u043e\u0432\u0435\u0440\u0448\u0438\u043b \u0434\u0435\u0439\u0441\u0442\u0432\u0438\u0435: \u041f\u043e\u043b\u044c\u0437\u043e\u0432\u0430\u0442\u0435\u043b\u044c \u043f\u043e\u0434\u0442\u0432\u0435\u0440\u0434\u0438\u043b \u0441\u0432\u043e\u044e \u0430\u043d\u043a\u0435\u0442\u0443
[2024-10-30 09:33:21] INFO
\u041f\u043e\u043b\u044c\u0437\u043e\u0432\u0430\u0442\u0435\u043b\u044c 1456241115 \u0441\u043e\u0432\u0435\u0440\u0448\u0438\u043b \u0434\u0435\u0439\u0441\u0442\u0432\u0438\u0435: \u041f\u043e\u043b\u044c\u0437\u043e\u0432\u0430\u0442\u0435\u043b\u044c \u043f\u0435\u0440\u0435\u0448\u0435\u043b \u043a \u043c\u0435\u043d\u044e \u043f\u043e \u043a\u0430\u0442\u0435\u0433\u043e\u0440\u0438\u044f\u043c
[2024-10-30 09:33:23] INFO
\u041f\u043e\u043b\u044c\u0437\u043e\u0432\u0430\u0442\u0435\u043b\u044c 1456241115 \u0441\u043e\u0432\u0435\u0440\u0448\u0438\u043b \u0434\u0435\u0439\u0441\u0442\u0432\u0438\u0435: \u041f\u043e\u043b\u044c\u0437\u043e\u0432\u0430\u0442\u0435\u043b\u044c \u0432\u0435\u0440\u043d\u0443\u043b\u0441\u044f \u0432 \u0433\u043b\u0430\u0432\u043d\u043e\u0435 \u043c\u0435\u043d\u044e
[2024-10-30 10:18:46] INFO
Stop polling...
[2024-10-30 10:18:46] WARNING
Goodbye!
